Determining if the pthread_create exist failed with the following output:
Change Dir: /home/feihong/Documents/rgbd-slam-tutorial/lesson4_0311_visual_odometry/build/CMakeFiles/CMakeTmp

Run Build Command:"/usr/bin/make" "cmTC_c1c5e/fast"
/usr/bin/make -f CMakeFiles/cmTC_c1c5e.dir/build.make CMakeFiles/cmTC_c1c5e.dir/build
make[1]: 进入目录“/home/feihong/Documents/rgbd-slam-tutorial/lesson4_0311_visual_odometry/build/CMakeFiles/CMakeTmp”
Building C object CMakeFiles/cmTC_c1c5e.dir/CheckSymbolExists.c.o
/usr/bin/gcc    -o CMakeFiles/cmTC_c1c5e.dir/CheckSymbolExists.c.o   -c /home/feihong/Documents/rgbd-slam-tutorial/lesson4_0311_visual_odometry/build/CMakeFiles/CMakeTmp/CheckSymbolExists.c
Linking C executable cmTC_c1c5e
/usr/bin/cmake -E cmake_link_script CMakeFiles/cmTC_c1c5e.dir/link.txt --verbose=1
/usr/bin/gcc      -rdynamic CMakeFiles/cmTC_c1c5e.dir/CheckSymbolExists.c.o  -o cmTC_c1c5e 
CMakeFiles/cmTC_c1c5e.dir/CheckSymbolExists.c.o：在函数‘main’中：
CheckSymbolExists.c:(.text+0x1b)：对‘pthread_create’未定义的引用
collect2: error: ld returned 1 exit status
CMakeFiles/cmTC_c1c5e.dir/build.make:97: recipe for target 'cmTC_c1c5e' failed
make[1]: *** [cmTC_c1c5e] Error 1
make[1]: 离开目录“/home/feihong/Documents/rgbd-slam-tutorial/lesson4_0311_visual_odometry/build/CMakeFiles/CMakeTmp”
Makefile:126: recipe for target 'cmTC_c1c5e/fast' failed
make: *** [cmTC_c1c5e/fast] Error 2

File /home/feihong/Documents/rgbd-slam-tutorial/lesson4_0311_visual_odometry/build/CMakeFiles/CMakeTmp/CheckSymbolExists.c:
/* */
#include <pthread.h>

int main(int argc, char** argv)
{
  (void)argv;
#ifndef pthread_create
  return ((int*)(&pthread_create))[argc];
#else
  (void)argc;
  return 0;
#endif
}

Determining if the function pthread_create exists in the pthreads failed with the following output:
Change Dir: /home/feihong/Documents/rgbd-slam-tutorial/lesson4_0311_visual_odometry/build/CMakeFiles/CMakeTmp

Run Build Command:"/usr/bin/make" "cmTC_a8f66/fast"
/usr/bin/make -f CMakeFiles/cmTC_a8f66.dir/build.make CMakeFiles/cmTC_a8f66.dir/build
make[1]: 进入目录“/home/feihong/Documents/rgbd-slam-tutorial/lesson4_0311_visual_odometry/build/CMakeFiles/CMakeTmp”
Building C object CMakeFiles/cmTC_a8f66.dir/CheckFunctionExists.c.o
/usr/bin/gcc   -DCHECK_FUNCTION_EXISTS=pthread_create   -o CMakeFiles/cmTC_a8f66.dir/CheckFunctionExists.c.o   -c /usr/share/cmake-3.10/Modules/CheckFunctionExists.c
Linking C executable cmTC_a8f66
/usr/bin/cmake -E cmake_link_script CMakeFiles/cmTC_a8f66.dir/link.txt --verbose=1
/usr/bin/gcc  -DCHECK_FUNCTION_EXISTS=pthread_create    -rdynamic CMakeFiles/cmTC_a8f66.dir/CheckFunctionExists.c.o  -o cmTC_a8f66 -lpthreads 
/usr/bin/ld: 找不到 -lpthreads
collect2: error: ld returned 1 exit status
CMakeFiles/cmTC_a8f66.dir/build.make:97: recipe for target 'cmTC_a8f66' failed
make[1]: *** [cmTC_a8f66] Error 1
make[1]: 离开目录“/home/feihong/Documents/rgbd-slam-tutorial/lesson4_0311_visual_odometry/build/CMakeFiles/CMakeTmp”
Makefile:126: recipe for target 'cmTC_a8f66/fast' failed
make: *** [cmTC_a8f66/fast] Error 2


