Determining if the pthread_create exist failed with the following output:
Change Dir: /home/feihong/Documents/rgbd-slam-tutorial/lesson3_0306_nonlinear_optimization/build/CMakeFiles/CMakeTmp

Run Build Command:"/usr/bin/make" "cmTC_92819/fast"
/usr/bin/make -f CMakeFiles/cmTC_92819.dir/build.make CMakeFiles/cmTC_92819.dir/build
make[1]: 进入目录“/home/feihong/Documents/rgbd-slam-tutorial/lesson3_0306_nonlinear_optimization/build/CMakeFiles/CMakeTmp”
Building C object CMakeFiles/cmTC_92819.dir/CheckSymbolExists.c.o
/usr/bin/gcc    -o CMakeFiles/cmTC_92819.dir/CheckSymbolExists.c.o   -c /home/feihong/Documents/rgbd-slam-tutorial/lesson3_0306_nonlinear_optimization/build/CMakeFiles/CMakeTmp/CheckSymbolExists.c
Linking C executable cmTC_92819
/usr/bin/cmake -E cmake_link_script CMakeFiles/cmTC_92819.dir/link.txt --verbose=1
/usr/bin/gcc      -rdynamic CMakeFiles/cmTC_92819.dir/CheckSymbolExists.c.o  -o cmTC_92819 
CMakeFiles/cmTC_92819.dir/CheckSymbolExists.c.o：在函数‘main’中：
CheckSymbolExists.c:(.text+0x1b)：对‘pthread_create’未定义的引用
collect2: error: ld returned 1 exit status
CMakeFiles/cmTC_92819.dir/build.make:97: recipe for target 'cmTC_92819' failed
make[1]: *** [cmTC_92819] Error 1
make[1]: 离开目录“/home/feihong/Documents/rgbd-slam-tutorial/lesson3_0306_nonlinear_optimization/build/CMakeFiles/CMakeTmp”
Makefile:126: recipe for target 'cmTC_92819/fast' failed
make: *** [cmTC_92819/fast] Error 2

File /home/feihong/Documents/rgbd-slam-tutorial/lesson3_0306_nonlinear_optimization/build/CMakeFiles/CMakeTmp/CheckSymbolExists.c:
/* */
#include <pthread.h>

int main(int argc, char** argv)
{
  (void)argv;
#ifndef pthread_create
  return ((int*)(&pthread_create))[argc];
#else
  (void)argc;
  return 0;
#endif
}

Determining if the function pthread_create exists in the pthreads failed with the following output:
Change Dir: /home/feihong/Documents/rgbd-slam-tutorial/lesson3_0306_nonlinear_optimization/build/CMakeFiles/CMakeTmp

Run Build Command:"/usr/bin/make" "cmTC_65754/fast"
/usr/bin/make -f CMakeFiles/cmTC_65754.dir/build.make CMakeFiles/cmTC_65754.dir/build
make[1]: 进入目录“/home/feihong/Documents/rgbd-slam-tutorial/lesson3_0306_nonlinear_optimization/build/CMakeFiles/CMakeTmp”
Building C object CMakeFiles/cmTC_65754.dir/CheckFunctionExists.c.o
/usr/bin/gcc   -DCHECK_FUNCTION_EXISTS=pthread_create   -o CMakeFiles/cmTC_65754.dir/CheckFunctionExists.c.o   -c /usr/share/cmake-3.10/Modules/CheckFunctionExists.c
Linking C executable cmTC_65754
/usr/bin/cmake -E cmake_link_script CMakeFiles/cmTC_65754.dir/link.txt --verbose=1
/usr/bin/gcc  -DCHECK_FUNCTION_EXISTS=pthread_create    -rdynamic CMakeFiles/cmTC_65754.dir/CheckFunctionExists.c.o  -o cmTC_65754 -lpthreads 
/usr/bin/ld: 找不到 -lpthreads
collect2: error: ld returned 1 exit status
CMakeFiles/cmTC_65754.dir/build.make:97: recipe for target 'cmTC_65754' failed
make[1]: *** [cmTC_65754] Error 1
make[1]: 离开目录“/home/feihong/Documents/rgbd-slam-tutorial/lesson3_0306_nonlinear_optimization/build/CMakeFiles/CMakeTmp”
Makefile:126: recipe for target 'cmTC_65754/fast' failed
make: *** [cmTC_65754/fast] Error 2


