Determining if the pthread_create exist failed with the following output:
Change Dir: /home/feihong/Documents/rgbd-slam-tutorial/lesson2_0303_pc_registration/build/CMakeFiles/CMakeTmp

Run Build Command:"/usr/bin/make" "cmTC_afa5b/fast"
/usr/bin/make -f CMakeFiles/cmTC_afa5b.dir/build.make CMakeFiles/cmTC_afa5b.dir/build
make[1]: 进入目录“/home/feihong/Documents/rgbd-slam-tutorial/lesson2_0303_pc_registration/build/CMakeFiles/CMakeTmp”
Building C object CMakeFiles/cmTC_afa5b.dir/CheckSymbolExists.c.o
/usr/bin/cc    -o CMakeFiles/cmTC_afa5b.dir/CheckSymbolExists.c.o   -c /home/feihong/Documents/rgbd-slam-tutorial/lesson2_0303_pc_registration/build/CMakeFiles/CMakeTmp/CheckSymbolExists.c
Linking C executable cmTC_afa5b
/usr/bin/cmake -E cmake_link_script CMakeFiles/cmTC_afa5b.dir/link.txt --verbose=1
/usr/bin/cc      -rdynamic CMakeFiles/cmTC_afa5b.dir/CheckSymbolExists.c.o  -o cmTC_afa5b 
CMakeFiles/cmTC_afa5b.dir/CheckSymbolExists.c.o：在函数‘main’中：
CheckSymbolExists.c:(.text+0x1b)：对‘pthread_create’未定义的引用
collect2: error: ld returned 1 exit status
CMakeFiles/cmTC_afa5b.dir/build.make:97: recipe for target 'cmTC_afa5b' failed
make[1]: *** [cmTC_afa5b] Error 1
make[1]: 离开目录“/home/feihong/Documents/rgbd-slam-tutorial/lesson2_0303_pc_registration/build/CMakeFiles/CMakeTmp”
Makefile:126: recipe for target 'cmTC_afa5b/fast' failed
make: *** [cmTC_afa5b/fast] Error 2

File /home/feihong/Documents/rgbd-slam-tutorial/lesson2_0303_pc_registration/build/CMakeFiles/CMakeTmp/CheckSymbolExists.c:
/* */
#include <pthread.h>

int main(int argc, char** argv)
{
  (void)argv;
#ifndef pthread_create
  return ((int*)(&pthread_create))[argc];
#else
  (void)argc;
  return 0;
#endif
}

Determining if the function pthread_create exists in the pthreads failed with the following output:
Change Dir: /home/feihong/Documents/rgbd-slam-tutorial/lesson2_0303_pc_registration/build/CMakeFiles/CMakeTmp

Run Build Command:"/usr/bin/make" "cmTC_66aad/fast"
/usr/bin/make -f CMakeFiles/cmTC_66aad.dir/build.make CMakeFiles/cmTC_66aad.dir/build
make[1]: 进入目录“/home/feihong/Documents/rgbd-slam-tutorial/lesson2_0303_pc_registration/build/CMakeFiles/CMakeTmp”
Building C object CMakeFiles/cmTC_66aad.dir/CheckFunctionExists.c.o
/usr/bin/cc   -DCHECK_FUNCTION_EXISTS=pthread_create   -o CMakeFiles/cmTC_66aad.dir/CheckFunctionExists.c.o   -c /usr/share/cmake-3.10/Modules/CheckFunctionExists.c
Linking C executable cmTC_66aad
/usr/bin/cmake -E cmake_link_script CMakeFiles/cmTC_66aad.dir/link.txt --verbose=1
/usr/bin/cc  -DCHECK_FUNCTION_EXISTS=pthread_create    -rdynamic CMakeFiles/cmTC_66aad.dir/CheckFunctionExists.c.o  -o cmTC_66aad -lpthreads 
/usr/bin/ld: 找不到 -lpthreads
collect2: error: ld returned 1 exit status
CMakeFiles/cmTC_66aad.dir/build.make:97: recipe for target 'cmTC_66aad' failed
make[1]: *** [cmTC_66aad] Error 1
make[1]: 离开目录“/home/feihong/Documents/rgbd-slam-tutorial/lesson2_0303_pc_registration/build/CMakeFiles/CMakeTmp”
Makefile:126: recipe for target 'cmTC_66aad/fast' failed
make: *** [cmTC_66aad/fast] Error 2


